2025-04-23 17:45:20 - Script started
2025-04-23 17:54:28 - Script started
2025-04-23 17:55:18 - reverse_geocode.php started
2025-04-23 17:55:18 - Failed to connect to LocationIQ: https://us1.locationiq.com/v1/reverse.php?key=pk.123abc456def789ghi012jkl345mno&lat=26.7271012&lon=88.3952861&format=json
2025-04-23 17:57:16 - Script started
2025-04-23 17:57:18 - reverse_geocode.php started
2025-04-23 17:57:19 - Failed to connect to LocationIQ: https://us1.locationiq.com/v1/reverse.php?key=pk.123abc456def789ghi012jkl345mno&lat=26.7271012&lon=88.3952861&format=json
2025-04-23 17:57:44 - reverse_geocode.php started
2025-04-23 17:57:44 - Failed to connect to LocationIQ: https://us1.locationiq.com/v1/reverse.php?key=pk.123abc456def789ghi012jkl345mno&lat=26.7271012&lon=88.3952861&format=json
2025-04-23 18:00:20 - Script started
2025-04-23 18:00:22 - reverse_geocode.php started
2025-04-23 18:00:22 - API URL: https://us1.locationiq.com/v1/reverse.php?key=pk.5cf0dbea44f742c63a0aa40f0d8a5c3a
&lat=26.7271012&lon=88.3952861&format=json
2025-04-23 18:00:23 - API Response: Failed
2025-04-23 18:00:23 - Error: Unable to connect to geocoding service
2025-04-23 18:03:32 - Script started
2025-04-23 18:03:33 - Script started
2025-04-23 18:03:33 - Script started
2025-04-23 18:03:33 - Script started
2025-04-23 18:03:34 - reverse_geocode.php started
2025-04-23 18:03:34 - API URL: https://us1.locationiq.com/v1/reverse.php?key=pk.5cf0dbea44f742c63a0aa40f0d8a5c3a&lat=26.7271012&lon=88.3952861&format=json
2025-04-23 18:03:34 - API Response: Failed
2025-04-23 18:03:34 - Error: Unable to connect to geocoding service
2025-04-23 18:10:46 - Script started
2025-04-23 18:10:47 - reverse_geocode.php started
2025-04-23 18:10:47 - Trying API URL: https://eu1.locationiq.com/v1/reverse.php?key=pk.5cf0dbea44f742c63a0aa40f0d8a5c3a&lat=26.7271012&lon=88.3952861&format=json
2025-04-23 18:10:47 - CURL Error: error setting certificate verify locations:  CAfile: C:\xampp\php\extras\ssl\cacert.pem CApath: none, HTTP Code: 0
2025-04-23 18:10:47 - Trying API URL: https://us1.locationiq.com/v1/reverse.php?key=pk.5cf0dbea44f742c63a0aa40f0d8a5c3a&lat=26.7271012&lon=88.3952861&format=json
2025-04-23 18:10:48 - CURL Error: error setting certificate verify locations:  CAfile: C:\xampp\php\extras\ssl\cacert.pem CApath: none, HTTP Code: 0
2025-04-23 18:10:48 - Error: Unable to connect to geocoding service (error setting certificate verify locations:  CAfile: C:\xampp\php\extras\ssl\cacert.pem CApath: none)
2025-04-23 19:04:31 - Script started
2025-04-23 19:04:32 - Script started
2025-04-23 19:04:33 - Script started
2025-04-23 19:04:34 - Script started
